<?xml version="1.0" encoding="UTF-8"?>
<coverage generated="1709192439726" clover="3.2.0">
  <project timestamp="1709192439726" name="All files">
    <metrics statements="38" coveredstatements="35" conditionals="10" coveredconditionals="9" methods="12" coveredmethods="10" elements="60" coveredelements="54" complexity="0" loc="38" ncloc="38" packages="4" files="6" classes="6"/>
    <package name="components.atoms.btn">
      <metrics statements="10" coveredstatements="10" conditionals="10" coveredconditionals="9" methods="2" coveredmethods="2"/>
      <file name="fullWidhthButton.tsx" path="/Users/ridify/Desktop/dev/quiz_app/src/components/atoms/btn/fullWidhthButton.tsx">
        <metrics statements="7" coveredstatements="7" conditionals="3" coveredconditionals="3" methods="1" coveredmethods="1"/>
        <line num="11" count="1" type="stmt"/>
        <line num="12" count="1" type="stmt"/>
        <line num="23" count="1" type="stmt"/>
        <line num="30" count="6" type="stmt"/>
        <line num="50" count="1" type="stmt"/>
        <line num="65" count="1" type="stmt"/>
        <line num="71" count="1" type="stmt"/>
      </file>
      <file name="index.tsx" path="/Users/ridify/Desktop/dev/quiz_app/src/components/atoms/btn/index.tsx">
        <metrics statements="0" coveredstatements="0" conditionals="0" coveredconditionals="0" methods="0" coveredmethods="0"/>
      </file>
      <file name="rowRadioButton.tsx" path="/Users/ridify/Desktop/dev/quiz_app/src/components/atoms/btn/rowRadioButton.tsx">
        <metrics statements="3" coveredstatements="3" conditionals="7" coveredconditionals="6" methods="1" coveredmethods="1"/>
        <line num="16" count="1" type="stmt"/>
        <line num="24" count="18" type="stmt"/>
        <line num="40" count="1" type="stmt"/>
      </file>
    </package>
    <package name="components.blocks.safeArea">
      <metrics statements="3" coveredstatements="3" conditionals="0" coveredconditionals="0" methods="1" coveredmethods="1"/>
      <file name="index.tsx" path="/Users/ridify/Desktop/dev/quiz_app/src/components/blocks/safeArea/index.tsx">
        <metrics statements="3" coveredstatements="3" conditionals="0" coveredconditionals="0" methods="1" coveredmethods="1"/>
        <line num="9" count="1" type="stmt"/>
        <line num="10" count="3" type="stmt"/>
        <line num="20" count="1" type="stmt"/>
      </file>
    </package>
    <package name="components.screens.home">
      <metrics statements="21" coveredstatements="18" conditionals="0" coveredconditionals="0" methods="9" coveredmethods="7"/>
      <file name="index.tsx" path="/Users/ridify/Desktop/dev/quiz_app/src/components/screens/home/index.tsx">
        <metrics statements="21" coveredstatements="18" conditionals="0" coveredconditionals="0" methods="9" coveredmethods="7"/>
        <line num="12" count="1" type="stmt"/>
        <line num="13" count="1" type="stmt"/>
        <line num="15" count="1" type="stmt"/>
        <line num="16" count="3" type="stmt"/>
        <line num="17" count="3" type="stmt"/>
        <line num="19" count="3" type="stmt"/>
        <line num="21" count="3" type="stmt"/>
        <line num="22" count="1" type="stmt"/>
        <line num="25" count="3" type="stmt"/>
        <line num="26" count="1" type="stmt"/>
        <line num="29" count="3" type="stmt"/>
        <line num="30" count="0" type="stmt"/>
        <line num="31" count="0" type="stmt"/>
        <line num="34" count="3" type="stmt"/>
        <line num="35" count="0" type="stmt"/>
        <line num="38" count="3" type="stmt"/>
        <line num="44" count="9" type="stmt"/>
        <line num="51" count="1" type="stmt"/>
        <line num="59" count="9" type="stmt"/>
        <line num="66" count="1" type="stmt"/>
        <line num="85" count="1" type="stmt"/>
      </file>
    </package>
    <package name="recoil.quiz">
      <metrics statements="4" coveredstatements="4" conditionals="0" coveredconditionals="0" methods="0" coveredmethods="0"/>
      <file name="atom.ts" path="/Users/ridify/Desktop/dev/quiz_app/src/recoil/quiz/atom.ts">
        <metrics statements="4" coveredstatements="4" conditionals="0" coveredconditionals="0" methods="0" coveredmethods="0"/>
        <line num="6" count="1" type="stmt"/>
        <line num="11" count="1" type="stmt"/>
        <line num="16" count="1" type="stmt"/>
        <line num="21" count="1" type="stmt"/>
      </file>
    </package>
  </project>
</coverage>
