{"/Users/ridify/Desktop/dev/quiz_app/src/components/atoms/btn/fullWidhthButton.tsx": {"path":"/Users/ridify/Desktop/dev/quiz_app/src/components/atoms/btn/fullWidhthButton.tsx","statementMap":{"0":{"start":{"line":11,"column":29},"end":{"line":11,"column":53}},"1":{"start":{"line":12,"column":18},"end":{"line":12,"column":27}},"2":{"start":{"line":23,"column":24},"end":{"line":44,"column":1}},"3":{"start":{"line":30,"column":2},"end":{"line":43,"column":4}},"4":{"start":{"line":50,"column":45},"end":{"line":61,"column":1}},"5":{"start":{"line":65,"column":41},"end":{"line":69,"column":1}},"6":{"start":{"line":71,"column":15},"end":{"line":86,"column":2}}},"fnMap":{"0":{"name":"(anonymous_0)","decl":{"start":{"line":23,"column":24},"end":{"line":23,"column":25}},"loc":{"start":{"line":29,"column":13},"end":{"line":44,"column":1}},"line":29}},"branchMap":{"0":{"loc":{"start":{"line":25,"column":2},"end":{"line":25,"column":16}},"type":"default-arg","locations":[{"start":{"line":25,"column":9},"end":{"line":25,"column":16}}],"line":25},"1":{"loc":{"start":{"line":26,"column":2},"end":{"line":26,"column":8}},"type":"default-arg","locations":[{"start":{"line":26,"column":7},"end":{"line":26,"column":8}}],"line":26},"2":{"loc":{"start":{"line":27,"column":2},"end":{"line":27,"column":8}},"type":"default-arg","locations":[{"start":{"line":27,"column":7},"end":{"line":27,"column":8}}],"line":27}},"s":{"0":1,"1":1,"2":1,"3":6,"4":1,"5":1,"6":1},"f":{"0":6},"b":{"0":[3],"1":[6],"2":[3]},"_coverageSchema":"1a1c01bbd47fc00a2c39e90264f33305004495a9","hash":"016683032f85f1f751a0926e3e1497994c20b3e1"}
,"/Users/ridify/Desktop/dev/quiz_app/src/components/atoms/btn/index.tsx": {"path":"/Users/ridify/Desktop/dev/quiz_app/src/components/atoms/btn/index.tsx","statementMap":{},"fnMap":{},"branchMap":{},"s":{},"f":{},"b":{},"_coverageSchema":"1a1c01bbd47fc00a2c39e90264f33305004495a9","hash":"424e5bbb32d39809ca334bde3a1b85fe70dfb64d"}
,"/Users/ridify/Desktop/dev/quiz_app/src/components/atoms/btn/rowRadioButton.tsx": {"path":"/Users/ridify/Desktop/dev/quiz_app/src/components/atoms/btn/rowRadioButton.tsx","statementMap":{"0":{"start":{"line":16,"column":23},"end":{"line":36,"column":1}},"1":{"start":{"line":24,"column":2},"end":{"line":35,"column":4}},"2":{"start":{"line":40,"column":15},"end":{"line":45,"column":2}}},"fnMap":{"0":{"name":"(anonymous_0)","decl":{"start":{"line":16,"column":23},"end":{"line":16,"column":24}},"loc":{"start":{"line":23,"column":13},"end":{"line":36,"column":1}},"line":23}},"branchMap":{"0":{"loc":{"start":{"line":17,"column":2},"end":{"line":17,"column":19}},"type":"default-arg","locations":[{"start":{"line":17,"column":12},"end":{"line":17,"column":19}}],"line":17},"1":{"loc":{"start":{"line":26,"column":7},"end":{"line":26,"column":48}},"type":"binary-expr","locations":[{"start":{"line":26,"column":7},"end":{"line":26,"column":25}},{"start":{"line":26,"column":29},"end":{"line":26,"column":48}}],"line":26},"2":{"loc":{"start":{"line":30,"column":16},"end":{"line":30,"column":51}},"type":"cond-expr","locations":[{"start":{"line":30,"column":28},"end":{"line":30,"column":37}},{"start":{"line":30,"column":40},"end":{"line":30,"column":51}}],"line":30},"3":{"loc":{"start":{"line":33,"column":7},"end":{"line":33,"column":49}},"type":"binary-expr","locations":[{"start":{"line":33,"column":7},"end":{"line":33,"column":26}},{"start":{"line":33,"column":30},"end":{"line":33,"column":49}}],"line":33}},"s":{"0":1,"1":18,"2":1},"f":{"0":18},"b":{"0":[18],"1":[18,0],"2":[6,12],"3":[18,18]},"_coverageSchema":"1a1c01bbd47fc00a2c39e90264f33305004495a9","hash":"6342e9b06d68dd7011f09b2d7ef0a8e9f3b5e094"}
,"/Users/ridify/Desktop/dev/quiz_app/src/components/blocks/safeArea/index.tsx": {"path":"/Users/ridify/Desktop/dev/quiz_app/src/components/blocks/safeArea/index.tsx","statementMap":{"0":{"start":{"line":9,"column":17},"end":{"line":16,"column":1}},"1":{"start":{"line":10,"column":2},"end":{"line":15,"column":4}},"2":{"start":{"line":20,"column":22},"end":{"line":24,"column":2}}},"fnMap":{"0":{"name":"(anonymous_0)","decl":{"start":{"line":9,"column":17},"end":{"line":9,"column":18}},"loc":{"start":{"line":9,"column":46},"end":{"line":16,"column":1}},"line":9}},"branchMap":{},"s":{"0":1,"1":3,"2":1},"f":{"0":3},"b":{},"_coverageSchema":"1a1c01bbd47fc00a2c39e90264f33305004495a9","hash":"cc66cdea3d30039fbdd0ae13b8be434712c575fd"}
,"/Users/ridify/Desktop/dev/quiz_app/src/components/screens/home/index.tsx": {"path":"/Users/ridify/Desktop/dev/quiz_app/src/components/screens/home/index.tsx","statementMap":{"0":{"start":{"line":11,"column":37},"end":{"line":11,"column":48}},"1":{"start":{"line":12,"column":37},"end":{"line":12,"column":63}},"2":{"start":{"line":14,"column":13},"end":{"line":84,"column":1}},"3":{"start":{"line":15,"column":38},"end":{"line":15,"column":69}},"4":{"start":{"line":17,"column":27},"end":{"line":19,"column":3}},"5":{"start":{"line":18,"column":4},"end":{"line":18,"column":46}},"6":{"start":{"line":18,"column":27},"end":{"line":18,"column":43}},"7":{"start":{"line":21,"column":27},"end":{"line":23,"column":3}},"8":{"start":{"line":22,"column":4},"end":{"line":22,"column":46}},"9":{"start":{"line":22,"column":27},"end":{"line":22,"column":43}},"10":{"start":{"line":25,"column":30},"end":{"line":27,"column":3}},"11":{"start":{"line":26,"column":4},"end":{"line":26,"column":32}},"12":{"start":{"line":29,"column":31},"end":{"line":31,"column":3}},"13":{"start":{"line":30,"column":4},"end":{"line":30,"column":41}},"14":{"start":{"line":33,"column":2},"end":{"line":83,"column":4}},"15":{"start":{"line":40,"column":14},"end":{"line":49,"column":16}},"16":{"start":{"line":47,"column":33},"end":{"line":47,"column":56}},"17":{"start":{"line":55,"column":14},"end":{"line":64,"column":16}},"18":{"start":{"line":62,"column":33},"end":{"line":62,"column":56}},"19":{"start":{"line":88,"column":15},"end":{"line":105,"column":2}}},"fnMap":{"0":{"name":"(anonymous_0)","decl":{"start":{"line":14,"column":13},"end":{"line":14,"column":14}},"loc":{"start":{"line":14,"column":38},"end":{"line":84,"column":1}},"line":14},"1":{"name":"(anonymous_1)","decl":{"start":{"line":17,"column":27},"end":{"line":17,"column":28}},"loc":{"start":{"line":17,"column":49},"end":{"line":19,"column":3}},"line":17},"2":{"name":"(anonymous_2)","decl":{"start":{"line":18,"column":18},"end":{"line":18,"column":19}},"loc":{"start":{"line":18,"column":27},"end":{"line":18,"column":43}},"line":18},"3":{"name":"(anonymous_3)","decl":{"start":{"line":21,"column":27},"end":{"line":21,"column":28}},"loc":{"start":{"line":21,"column":49},"end":{"line":23,"column":3}},"line":21},"4":{"name":"(anonymous_4)","decl":{"start":{"line":22,"column":18},"end":{"line":22,"column":19}},"loc":{"start":{"line":22,"column":27},"end":{"line":22,"column":43}},"line":22},"5":{"name":"(anonymous_5)","decl":{"start":{"line":25,"column":30},"end":{"line":25,"column":31}},"loc":{"start":{"line":25,"column":36},"end":{"line":27,"column":3}},"line":25},"6":{"name":"(anonymous_6)","decl":{"start":{"line":29,"column":31},"end":{"line":29,"column":32}},"loc":{"start":{"line":29,"column":37},"end":{"line":31,"column":3}},"line":29},"7":{"name":"(anonymous_7)","decl":{"start":{"line":39,"column":33},"end":{"line":39,"column":34}},"loc":{"start":{"line":39,"column":42},"end":{"line":50,"column":13}},"line":39},"8":{"name":"(anonymous_8)","decl":{"start":{"line":47,"column":27},"end":{"line":47,"column":28}},"loc":{"start":{"line":47,"column":33},"end":{"line":47,"column":56}},"line":47},"9":{"name":"(anonymous_9)","decl":{"start":{"line":54,"column":33},"end":{"line":54,"column":34}},"loc":{"start":{"line":54,"column":42},"end":{"line":65,"column":13}},"line":54},"10":{"name":"(anonymous_10)","decl":{"start":{"line":62,"column":27},"end":{"line":62,"column":28}},"loc":{"start":{"line":62,"column":33},"end":{"line":62,"column":56}},"line":62}},"branchMap":{},"s":{"0":1,"1":1,"2":1,"3":3,"4":3,"5":1,"6":1,"7":3,"8":1,"9":1,"10":3,"11":0,"12":3,"13":0,"14":3,"15":9,"16":1,"17":9,"18":1,"19":1},"f":{"0":3,"1":1,"2":1,"3":1,"4":1,"5":0,"6":0,"7":9,"8":1,"9":9,"10":1},"b":{},"_coverageSchema":"1a1c01bbd47fc00a2c39e90264f33305004495a9","hash":"099ba0e7688421f3c2e2b140b2dd39e23777f3e0"}
,"/Users/ridify/Desktop/dev/quiz_app/src/recoil/quiz/atom.ts": {"path":"/Users/ridify/Desktop/dev/quiz_app/src/recoil/quiz/atom.ts","statementMap":{"0":{"start":{"line":6,"column":4},"end":{"line":9,"column":1}},"1":{"start":{"line":11,"column":31},"end":{"line":14,"column":2}},"2":{"start":{"line":16,"column":35},"end":{"line":19,"column":2}},"3":{"start":{"line":21,"column":32},"end":{"line":24,"column":2}}},"fnMap":{},"branchMap":{},"s":{"0":1,"1":1,"2":1,"3":1},"f":{},"b":{},"_coverageSchema":"1a1c01bbd47fc00a2c39e90264f33305004495a9","hash":"217ed6af03929e543229408f1e4218309009a4dc"}
}
