{"/Users/ridify/Desktop/dev/quiz_app/src/components/atoms/btn/fullWidhthButton.tsx": {"path":"/Users/ridify/Desktop/dev/quiz_app/src/components/atoms/btn/fullWidhthButton.tsx","statementMap":{"0":{"start":{"line":11,"column":29},"end":{"line":11,"column":53}},"1":{"start":{"line":12,"column":18},"end":{"line":12,"column":27}},"2":{"start":{"line":23,"column":24},"end":{"line":44,"column":1}},"3":{"start":{"line":30,"column":2},"end":{"line":43,"column":4}},"4":{"start":{"line":50,"column":45},"end":{"line":61,"column":1}},"5":{"start":{"line":65,"column":41},"end":{"line":69,"column":1}},"6":{"start":{"line":71,"column":15},"end":{"line":86,"column":2}}},"fnMap":{"0":{"name":"(anonymous_0)","decl":{"start":{"line":23,"column":24},"end":{"line":23,"column":25}},"loc":{"start":{"line":29,"column":13},"end":{"line":44,"column":1}},"line":29}},"branchMap":{"0":{"loc":{"start":{"line":25,"column":2},"end":{"line":25,"column":16}},"type":"default-arg","locations":[{"start":{"line":25,"column":9},"end":{"line":25,"column":16}}],"line":25},"1":{"loc":{"start":{"line":26,"column":2},"end":{"line":26,"column":8}},"type":"default-arg","locations":[{"start":{"line":26,"column":7},"end":{"line":26,"column":8}}],"line":26},"2":{"loc":{"start":{"line":27,"column":2},"end":{"line":27,"column":8}},"type":"default-arg","locations":[{"start":{"line":27,"column":7},"end":{"line":27,"column":8}}],"line":27}},"s":{"0":1,"1":1,"2":1,"3":6,"4":1,"5":1,"6":1},"f":{"0":6},"b":{"0":[3],"1":[6],"2":[3]},"_coverageSchema":"1a1c01bbd47fc00a2c39e90264f33305004495a9","hash":"016683032f85f1f751a0926e3e1497994c20b3e1"}
,"/Users/ridify/Desktop/dev/quiz_app/src/components/atoms/btn/index.tsx": {"path":"/Users/ridify/Desktop/dev/quiz_app/src/components/atoms/btn/index.tsx","statementMap":{},"fnMap":{},"branchMap":{},"s":{},"f":{},"b":{},"_coverageSchema":"1a1c01bbd47fc00a2c39e90264f33305004495a9","hash":"424e5bbb32d39809ca334bde3a1b85fe70dfb64d"}
,"/Users/ridify/Desktop/dev/quiz_app/src/components/atoms/btn/rowRadioButton.tsx": {"path":"/Users/ridify/Desktop/dev/quiz_app/src/components/atoms/btn/rowRadioButton.tsx","statementMap":{"0":{"start":{"line":16,"column":23},"end":{"line":36,"column":1}},"1":{"start":{"line":24,"column":2},"end":{"line":35,"column":4}},"2":{"start":{"line":40,"column":15},"end":{"line":45,"column":2}}},"fnMap":{"0":{"name":"(anonymous_0)","decl":{"start":{"line":16,"column":23},"end":{"line":16,"column":24}},"loc":{"start":{"line":23,"column":13},"end":{"line":36,"column":1}},"line":23}},"branchMap":{"0":{"loc":{"start":{"line":17,"column":2},"end":{"line":17,"column":19}},"type":"default-arg","locations":[{"start":{"line":17,"column":12},"end":{"line":17,"column":19}}],"line":17},"1":{"loc":{"start":{"line":26,"column":7},"end":{"line":26,"column":48}},"type":"binary-expr","locations":[{"start":{"line":26,"column":7},"end":{"line":26,"column":25}},{"start":{"line":26,"column":29},"end":{"line":26,"column":48}}],"line":26},"2":{"loc":{"start":{"line":30,"column":16},"end":{"line":30,"column":51}},"type":"cond-expr","locations":[{"start":{"line":30,"column":28},"end":{"line":30,"column":37}},{"start":{"line":30,"column":40},"end":{"line":30,"column":51}}],"line":30},"3":{"loc":{"start":{"line":33,"column":7},"end":{"line":33,"column":49}},"type":"binary-expr","locations":[{"start":{"line":33,"column":7},"end":{"line":33,"column":26}},{"start":{"line":33,"column":30},"end":{"line":33,"column":49}}],"line":33}},"s":{"0":1,"1":18,"2":1},"f":{"0":18},"b":{"0":[18],"1":[18,0],"2":[6,12],"3":[18,18]},"_coverageSchema":"1a1c01bbd47fc00a2c39e90264f33305004495a9","hash":"6342e9b06d68dd7011f09b2d7ef0a8e9f3b5e094"}
,"/Users/ridify/Desktop/dev/quiz_app/src/components/blocks/safeArea/index.tsx": {"path":"/Users/ridify/Desktop/dev/quiz_app/src/components/blocks/safeArea/index.tsx","statementMap":{"0":{"start":{"line":9,"column":17},"end":{"line":16,"column":1}},"1":{"start":{"line":10,"column":2},"end":{"line":15,"column":4}},"2":{"start":{"line":20,"column":22},"end":{"line":24,"column":2}}},"fnMap":{"0":{"name":"(anonymous_0)","decl":{"start":{"line":9,"column":17},"end":{"line":9,"column":18}},"loc":{"start":{"line":9,"column":46},"end":{"line":16,"column":1}},"line":9}},"branchMap":{},"s":{"0":1,"1":3,"2":1},"f":{"0":3},"b":{},"_coverageSchema":"1a1c01bbd47fc00a2c39e90264f33305004495a9","hash":"cc66cdea3d30039fbdd0ae13b8be434712c575fd"}
,"/Users/ridify/Desktop/dev/quiz_app/src/components/screens/home/index.tsx": {"path":"/Users/ridify/Desktop/dev/quiz_app/src/components/screens/home/index.tsx","statementMap":{"0":{"start":{"line":12,"column":37},"end":{"line":12,"column":54}},"1":{"start":{"line":13,"column":37},"end":{"line":13,"column":63}},"2":{"start":{"line":15,"column":13},"end":{"line":81,"column":1}},"3":{"start":{"line":16,"column":44},"end":{"line":16,"column":68}},"4":{"start":{"line":17,"column":44},"end":{"line":17,"column":71}},"5":{"start":{"line":19,"column":24},"end":{"line":19,"column":62}},"6":{"start":{"line":21,"column":27},"end":{"line":23,"column":3}},"7":{"start":{"line":22,"column":4},"end":{"line":22,"column":28}},"8":{"start":{"line":25,"column":27},"end":{"line":27,"column":3}},"9":{"start":{"line":26,"column":4},"end":{"line":26,"column":28}},"10":{"start":{"line":29,"column":30},"end":{"line":32,"column":3}},"11":{"start":{"line":30,"column":4},"end":{"line":30,"column":68}},"12":{"start":{"line":31,"column":4},"end":{"line":31,"column":32}},"13":{"start":{"line":34,"column":31},"end":{"line":36,"column":3}},"14":{"start":{"line":35,"column":4},"end":{"line":35,"column":41}},"15":{"start":{"line":38,"column":2},"end":{"line":80,"column":4}},"16":{"start":{"line":44,"column":12},"end":{"line":53,"column":14}},"17":{"start":{"line":51,"column":31},"end":{"line":51,"column":54}},"18":{"start":{"line":59,"column":12},"end":{"line":68,"column":14}},"19":{"start":{"line":66,"column":31},"end":{"line":66,"column":58}},"20":{"start":{"line":85,"column":15},"end":{"line":101,"column":2}}},"fnMap":{"0":{"name":"(anonymous_0)","decl":{"start":{"line":15,"column":13},"end":{"line":15,"column":14}},"loc":{"start":{"line":15,"column":38},"end":{"line":81,"column":1}},"line":15},"1":{"name":"(anonymous_1)","decl":{"start":{"line":21,"column":27},"end":{"line":21,"column":28}},"loc":{"start":{"line":21,"column":49},"end":{"line":23,"column":3}},"line":21},"2":{"name":"(anonymous_2)","decl":{"start":{"line":25,"column":27},"end":{"line":25,"column":28}},"loc":{"start":{"line":25,"column":49},"end":{"line":27,"column":3}},"line":25},"3":{"name":"(anonymous_3)","decl":{"start":{"line":29,"column":30},"end":{"line":29,"column":31}},"loc":{"start":{"line":29,"column":36},"end":{"line":32,"column":3}},"line":29},"4":{"name":"(anonymous_4)","decl":{"start":{"line":34,"column":31},"end":{"line":34,"column":32}},"loc":{"start":{"line":34,"column":37},"end":{"line":36,"column":3}},"line":34},"5":{"name":"(anonymous_5)","decl":{"start":{"line":43,"column":31},"end":{"line":43,"column":32}},"loc":{"start":{"line":43,"column":40},"end":{"line":54,"column":11}},"line":43},"6":{"name":"(anonymous_6)","decl":{"start":{"line":51,"column":25},"end":{"line":51,"column":26}},"loc":{"start":{"line":51,"column":31},"end":{"line":51,"column":54}},"line":51},"7":{"name":"(anonymous_7)","decl":{"start":{"line":58,"column":31},"end":{"line":58,"column":32}},"loc":{"start":{"line":58,"column":44},"end":{"line":69,"column":11}},"line":58},"8":{"name":"(anonymous_8)","decl":{"start":{"line":66,"column":25},"end":{"line":66,"column":26}},"loc":{"start":{"line":66,"column":31},"end":{"line":66,"column":58}},"line":66}},"branchMap":{},"s":{"0":1,"1":1,"2":1,"3":3,"4":3,"5":3,"6":3,"7":1,"8":3,"9":1,"10":3,"11":0,"12":0,"13":3,"14":0,"15":3,"16":9,"17":1,"18":9,"19":1,"20":1},"f":{"0":3,"1":1,"2":1,"3":0,"4":0,"5":9,"6":1,"7":9,"8":1},"b":{},"_coverageSchema":"1a1c01bbd47fc00a2c39e90264f33305004495a9","hash":"745c05cf2e8f142dffee5394675049351ec63a8e"}
,"/Users/ridify/Desktop/dev/quiz_app/src/recoil/quiz/atom.ts": {"path":"/Users/ridify/Desktop/dev/quiz_app/src/recoil/quiz/atom.ts","statementMap":{"0":{"start":{"line":6,"column":4},"end":{"line":9,"column":1}},"1":{"start":{"line":11,"column":35},"end":{"line":14,"column":2}},"2":{"start":{"line":16,"column":35},"end":{"line":19,"column":2}},"3":{"start":{"line":21,"column":32},"end":{"line":24,"column":2}}},"fnMap":{},"branchMap":{},"s":{"0":1,"1":1,"2":1,"3":1},"f":{},"b":{},"_coverageSchema":"1a1c01bbd47fc00a2c39e90264f33305004495a9","hash":"a01de07a5b6b1f5fc69e829b74f760863a9acdf3"}
}
