TN:
SF:src/components/atoms/btn/fullWidhthButton.tsx
FN:23,(anonymous_0)
FNF:1
FNH:1
FNDA:6,(anonymous_0)
DA:11,1
DA:12,1
DA:23,1
DA:30,6
DA:50,1
DA:65,1
DA:71,1
LF:7
LH:7
BRDA:25,0,0,3
BRDA:26,1,0,6
BRDA:27,2,0,3
BRF:3
BRH:3
end_of_record
TN:
SF:src/components/atoms/btn/index.tsx
FNF:0
FNH:0
LF:0
LH:0
BRF:0
BRH:0
end_of_record
TN:
SF:src/components/atoms/btn/rowRadioButton.tsx
FN:16,(anonymous_0)
FNF:1
FNH:1
FNDA:18,(anonymous_0)
DA:16,1
DA:24,18
DA:40,1
LF:3
LH:3
BRDA:17,0,0,18
BRDA:26,1,0,18
BRDA:26,1,1,0
BRDA:30,2,0,6
BRDA:30,2,1,12
BRDA:33,3,0,18
BRDA:33,3,1,18
BRF:7
BRH:6
end_of_record
TN:
SF:src/components/blocks/safeArea/index.tsx
FN:9,(anonymous_0)
FNF:1
FNH:1
FNDA:3,(anonymous_0)
DA:9,1
DA:10,3
DA:20,1
LF:3
LH:3
BRF:0
BRH:0
end_of_record
TN:
SF:src/components/screens/home/index.tsx
FN:15,(anonymous_0)
FN:21,(anonymous_1)
FN:25,(anonymous_2)
FN:29,(anonymous_3)
FN:34,(anonymous_4)
FN:43,(anonymous_5)
FN:51,(anonymous_6)
FN:58,(anonymous_7)
FN:66,(anonymous_8)
FNF:9
FNH:7
FNDA:3,(anonymous_0)
FNDA:1,(anonymous_1)
FNDA:1,(anonymous_2)
FNDA:0,(anonymous_3)
FNDA:0,(anonymous_4)
FNDA:9,(anonymous_5)
FNDA:1,(anonymous_6)
FNDA:9,(anonymous_7)
FNDA:1,(anonymous_8)
DA:12,1
DA:13,1
DA:15,1
DA:16,3
DA:17,3
DA:19,3
DA:21,3
DA:22,1
DA:25,3
DA:26,1
DA:29,3
DA:30,0
DA:31,0
DA:34,3
DA:35,0
DA:38,3
DA:44,9
DA:51,1
DA:59,9
DA:66,1
DA:85,1
LF:21
LH:18
BRF:0
BRH:0
end_of_record
TN:
SF:src/recoil/quiz/atom.ts
FNF:0
FNH:0
DA:6,1
DA:11,1
DA:16,1
DA:21,1
LF:4
LH:4
BRF:0
BRH:0
end_of_record
